# Policy : SCHED_OTHER priority : 0
#idx     perf      run   period           start             end          rel_st      slack      c_run   c_period     wu_lat
   0     9014     2286    32316       354605382       354637697             388      29689       3200      32000        335
   0     9014     2272    32017       354637718       354669735           32724      29367       3200      32000        373
   0     9014     2334    32031       354669755       354701786           64761      29268       3200      32000        424
   0     9014     2334    32260       354701806       354734066           96812      29217       3200      32000        702
   0     9014     3849    31714       354734100       354765814          129106      27406       3200      32000        450
   0     9014     3815    31854       354765848       354797702          160855      27692       3200      32000        339
   0     9014     2967    32228       354797724       354829952          192730      28666       3200      32000        590
   0     9014     2995    31763       354829974       354861737          224980      28387       3200      32000        375
   0     9014     6070    32049       354861759       354893808          256765      25526       3200      32000        444
   0     9014     6344    31967       354893842       354925809          288848      25168       3200      32000        445
   0     9014     6339    31965       354925844       354957808          320850      25172       3200      32000        445
   0     9014     6364    31967       354957843       354989810          352849      25147       3200      32000        446
   0     9014     6272    31963       354989844       355021807          384850      25238       3200      32000        444
   0     9014     6248    31940       355021842       355053782          416848      25264       3200      32000        418
   0     9014     6229    31964       355053816       355085780          448822      25309       3200      32000        417
   0     9014     6266    31965       355085814       355117779          480821      25274       3200      32000        416
   0     9014     6251    31970       355117814       355149784          512820      25290       3200      32000        420
   0     9014     6269    31963       355149818       355181781          544824      25267       3200      32000        417
   0     9014     6253    31964       355181815       355213779          576821      25287       3200      32000        415
   0     9014     6355    31969       355213813       355245781          608819      25186       3200      32000        418
   0     9014     6293    31965       355245816       355277781          640822      25246       3200      32000        417
   0     9014     6286    31965       355277816       355309781          672822      25252       3200      32000        417
   0     9014     6370    31968       355309815       355341783          704822      25169       3200      32000        420
   0     9014     6253    31970       355341818       355373788          736824      25284       3200      32000        424
   0     9014     6269    31958       355373822       355405780          768828      25263       3200      32000        417
   0     9014     6227    31967       355405814       355437781          800820      25313       3200      32000        418
   0     9014     6395    31964       355437815       355469779          832821      25145       3200      32000        416
   0     9014     6271    31967       355469813       355501780          864820      25270       3200      32000        417
   0     9014     6267    31964       355501815       355533779          896821      25273       3200      32000        415
   0     9014     6405    31970       355533813       355565784          928819      25136       3200      32000        420
   0     9014     6340    31991       355565818       355597809          960824      25197       3200      32000        446
   0     9014     6331    31964       355597843       355629808          992849      25180       3200      32000        444
   0     9014     6273    31784       355630022       355661806         1025029      25059       3200      32000        443
   0     9014     6333    31964       355661841       355693805         1056847      25180       3200      32000        441
   0     9014     6235    31967       355693840       355725807         1088846      25280       3200      32000        444
   0     9014     6255    31700       355725842       355757542         1120848      25258       3200      32000        178
   0     9014     6148    32230       355757576       355789806         1152582      25631       3200      32000        442
   0     9014     6271    31967       355789840       355821806         1184846      25244       3200      32000        443
   0     9014     6248    31968       355821841       355853809         1216847      25266       3200      32000        445
   0     9014     6231    31965       355853843       355885808         1248849      25280       3200      32000        444
   0     9014     6332    31965       355885842       355917807         1280848      25181       3200      32000        443
   0     9014     6259    31968       355917841       355949809         1312847      25255       3200      32000        445
   0     9014     6332    31965       355949843       355981808         1344850      25180       3200      32000        444
   0     9014     6360    31966       355981843       356013809         1376849      25151       3200      32000        445
   0     9014     6246    31953       356013843       356045797         1408850      25265       3200      32000        434
   0     9014     6304    31976       356045831       356077807         1440837      25219       3200      32000        443
   0     9014     6375    31969       356077841       356109810         1472848      25138       3200      32000        446
   0     9014     6358    31964       356109844       356141808         1504850      25152       3200      32000        445
   0     9014     6264    31965       356141843       356173808         1536849      25248       3200      32000        444
   0     9014     6230    31963       356173842       356205805         1568849      25282       3200      32000        442
   0     9014     6334    31966       356205839       356237806         1600846      25181       3200      32000        442
   0     9014     6402    31969       356237840       356269809         1632847      25112       3200      32000        445
   0     9014     6365    31966       356269843       356301809         1664849      25146       3200      32000        445
   0     9014     6248    31969       356301843       356333812         1696849      25264       3200      32000        449
   0     9014     6230    31962       356333846       356365808         1728852      25279       3200      32000        444
   0     9014     6397    31974       356365842       356397816         1760849      25115       3200      32000        452
   0     9014     6372    31961       356397851       356429812         1792857      25131       3200      32000        448
   0     9014     6246    31960       356429846       356461806         1824852      25262       3200      32000        442
   0     9014     6233    31965       356461840       356493805         1856846      25281       3200      32000        441
   0     9014     6231    31970       356493840       356525809         1888846      25284       3200      32000        446
   0     9014     6286    31963       356525844       356557807         1920850      25224       3200      32000        443
   0     9014     6383    31968       356557841       356589809         1952847      25130       3200      32000        445
   0     9014     6245    31966       356589844       356621810         1984850      25266       3200      32000        447
   0     9014     6345    31964       356621844       356653808         2016851      25165       3200      32000        444
   0     9014     6233    31967       356653843       356685809         2048849      25279       3200      32000        446
   0     9014     6333    31805       356686006       356717811         2081012      25015       3200      32000        448
   0     9014     6269    31964       356717845       356749809         2112851      25240       3200      32000        445
   0     9014     6481    31967       356749844       356781811         2144850      25030       3200      32000        447
   0     9014     6274    31964       356781845       356813809         2176851      25236       3200      32000        445
   0     9014     6249    31963       356813844       356845806         2208850      25262       3200      32000        443
   0     9014     6360    31971       356845840       356877811         2240846      25154       3200      32000        448
   0     9014     6272    31963       356877845       356909808         2272852      25237       3200      32000        444
   0     9014     6374    31963       356909843       356941805         2304849      25138       3200      32000        442
   0     9014     6230    31967       356941839       356973807         2336846      25286       3200      32000        443
   0     9014     6370    31970       356973841       357005811         2368847      25143       3200      32000        448
   0     9014     6375    31962       357005847       357037808         2400853      25133       3200      32000        445
   0     9014     6317    31966       357037842       357069808         2432849      25195       3200      32000        444
   0     9014     6231    31968       357069842       357101810         2464849      25281       3200      32000        447
   0     9014     6296    31965       357101845       357133810         2496851      25214       3200      32000        446
   0     9014     6273    31965       357133844       357165809         2528850      25238       3200      32000        445
   0     9014     6401    31965       357165844       357197809         2560850      25110       3200      32000        445
   0     9014     6336    31968       357197843       357229811         2592849      25176       3200      32000        447
   0     9014     6260    31966       357229845       357261810         2624851      25249       3200      32000        447
   0     9014     6246    31967       357261844       357293811         2656850      25264       3200      32000        447
   0     9014     6375    31966       357293845       357325812         2688852      25134       3200      32000        448
   0     9014     6336    31965       357325845       357357811         2720852      25173       3200      32000        447
   0     9014     6232    31963       357357845       357389808         2752851      25278       3200      32000        444
   0     9014     6331    31980       357389842       357421822         2784848      25182       3200      32000        458
   0     9014     6257    31953       357421856       357453809         2816863      25242       3200      32000        446
   0     9014     6233    31967       357453843       357485811         2848850      25278       3200      32000        447
   0     9014     6256    31966       357485845       357517811         2880851      25254       3200      32000        447
   0     9014     6336    31954       357517846       357549800         2912852      25173       3200      32000        437
   0     9014     6419    31977       357549834       357581811         2944840      25102       3200      32000        447
   0     4507     3162    15966       357581846       357597812         2976852      12346       1600      16000        448
   0     4507     3148    15967       357597846       357613813         2992852      12360       1600      16000        450
   0     4507     3171    15963       357613847       357629810         3008854      12335       1600      16000        446
   0     4507     3169    15966       357629845       357645810         3024851      12341       1600      16000        447
   0     4507     3188    15967       357645845       357661811         3040851      12322       1600      16000        447
   0     4507     3198    15787       357662023       357677809         3057029      12133       1600      16000        445
   0     4507     3172    15966       357677844       357693810         3072850      12338       1600      16000        446
   0     4507     3149    15966       357693844       357709810         3088850      12361       1600      16000        447
   0     4507     3174    15966       357709844       357725810         3104850      12336       1600      16000        446
   0     4507     3186    15969       357725843       357741813         3120850      12325       1600      16000        449
   0     4507     3171    15697       357741847       357757544         3136853      12336       1600      16000        180
   0     4507     3103    16231       357757578       357773809         3152585      12673       1600      16000        445
   0     4507     3167    15965       357773843       357789808         3168850      12344       1600      16000        444
   0     4507     3191    15958       357789843       357805800         3184849      12320       1600      16000        437
   0     4507     3177    15973       357805834       357821807         3200840      12344       1600      16000        443
   0     4507     3162    15966       357821842       357837808         3216848      12351       1600      16000        444
   0     4507     3162    15957       357837842       357853798         3232848      12350       1600      16000        435
   0     4507     3170    15973       357853833       357869807         3248840      12351       1600      16000        443
   0     4507     3147    15966       357869841       357885808         3264848      12366       1600      16000        444
   0     4507     3162    15965       357885842       357901807         3280848      12351       1600      16000        443
   0     4507     3170    15966       357901841       357917807         3296847      12344       1600      16000        443
   0     4507     3170    15970       357917841       357933811         3312847      12343       1600      16000        447
   0     4507     3167    15964       357933845       357949809         3328851      12343       1600      16000        445
   0     4507     3147    15963       357949843       357965806         3344849      12365       1600      16000        442
   0     4507     3147    15968       357965840       357981807         3360846      12368       1600      16000        444
   0     4507     3149    15966       357981842       357997808         3376848      12364       1600      16000        444
   0     4507     3153    15967       357997842       358013809         3392849      12359       1600      16000        446
   0     4507     3176    15966       358013844       358029810         3408850      12334       1600      16000        446
   0     4507     3147    15955       358029844       358045799         3424850      12363       1600      16000        435
   0     4507     3173    15978       358045833       358061811         3440839      12348       1600      16000        447
   0     4507     3177    15966       358061845       358077811         3456851      12332       1600      16000        447
   0    13521     9397    15965       358077845       358093810         3472851       6112       4800      16000        446
   0    13521     9337    15962       358093845       358109807         3488851       6173       4800      16000        443
   0    13521     9315    15970       358109841       358125811         3504847       6198       4800      16000        447
   0    13521     9402    16075       358125844       358141919         3520851       6108       4800      16000        556
   0    13521     9480    15959       358141953       358157912         3536959       5921       4800      16000        549
   0    13521     9280    15974       358157945       358173918         3552951       6130       4800      16000        555
   0    13521     9336    15965       358173953       358189918         3568959       6066       4800      16000        554
   0    13521     9280    15812       358190104       358205916         3585110       5971       4800      16000        552
   0    13521     9376    15966       358205950       358221915         3600956       6029       4800      16000        552
   0    13521     9292    15971       358221949       358237920         3616956       6113       4800      16000        557
   0    13521     9478    15962       358237955       358253917         3632961       5922       4800      16000        553
   0    13521     9276    15966       358253951       358269917         3648958       6127       4800      16000        554
   0    13521     9449    15957       358269951       358285909         3664958       5954       4800      16000        545
   0    13521     9364    15975       358285943       358301918         3680949       6047       4800      16000        554
   0    13521     9275    15965       358301952       358317917         3696958       6127       4800      16000        554
   0    13521     9462    15968       358317951       358333919         3712957       5941       4800      16000        556
   0    13521     9316    15969       358333952       358349922         3728958       6086       4800      16000        558
   0    13521     9276    15960       358349956       358365916         3744962       6122       4800      16000        553
   0    13521     9275    15972       358365950       358381922         3760956       6130       4800      16000        558
   0    13521     9360    15964       358381956       358397920         3776962       6038       4800      16000        556
   0    13521     9361    15966       358397953       358413919         3792959       6040       4800      16000        555
   0    13521     9461    15977       358413952       358429929         3808959       5940       4800      16000        565
   0    13521     9290    15953       358429964       358445917         3824970       6100       4800      16000        553
   0    13521     9377    15968       358445951       358461919         3840957       6026       4800      16000        555
   0    13521     9339    15963       358461953       358477916         3856959       6062       4800      16000        553
   0    13521     9303    15967       358477950       358493917         3872956       6101       4800      16000        553
   0    13521     9317    15967       358493951       358509918         3888958       6086       4800      16000        554
   0    13521     9377    15967       358509952       358525920         3904959       6025       4800      16000        556
   0    13521     9350    15963       358525954       358541918         3920961       6050       4800      16000        554
   0    13521     9290    15968       358541952       358557920         3936958       6113       4800      16000        556
   0    13521     9360    15966       358557954       358573920         3952960       6041       4800      16000        557
   0    22535    15683    15690       358573954       358589644         3968960       -283       8000      16000          0
   0    22535    15560    15958       358589665       358605622         3984671        131       8000      16000        261
   0    22535    15867    15873       358605644       358621517         4000650       -156       8000      16000          0
   0    22535     7512    16200       358621540       358637740         4016546       8305       8000      16000        377
   0    22535     8826    16036       358637762       358653798         4032768       6769       8000      16000        435
   0    22535     8763    15980       358653822       358669802         4048828       6771       8000      16000        440
   0    22535     8655    15974       358669826       358685799         4064832       6875       8000      16000        437
   0    22535     8734    15976       358685823       358701799         4080829       6799       8000      16000        436
   0    22535     8694    15979       358701822       358717800         4096828       6840       8000      16000        438
   0    22535     8697    15861       358717937       358733798         4112943       6722       8000      16000        435
   0    22535     8862    15979       358733821       358749800         4128827       6673       8000      16000        437
   0    22535     8825    15973       358749824       358765797         4144830       6707       8000      16000        434
   0    22535     8771    15978       358765820       358781798         4160827       6765       8000      16000        435
   0    22535     8667    15976       358781822       358797797         4176828       6867       8000      16000        434
   0    22535     8838    15979       358797820       358813799         4192826       6698       8000      16000        436
   0    22535     8658    15978       358813823       358829800         4208829       6875       8000      16000        438
   0    22535     8779    15978       358829823       358845801         4224830       6754       8000      16000        438
   0    22535     8721    15975       358845824       358861799         4240830       6811       8000      16000        436
   0    22535     8668    15976       358861823       358877798         4256829       6865       8000      16000        436
   0    22535     8712    15976       358877822       358893798         4272829       6821       8000      16000        436
   0    22535     8682    15976       358893822       358909798         4288828       6852       8000      16000        435
   0    22535     8659    15974       358909822       358925796         4304828       6875       8000      16000        433
   0    22535     8656    15977       358925821       358941797         4320827       6880       8000      16000        435
   0    22535     8758    15976       358941821       358957797         4336828       6776       8000      16000        434
   0    22535     8655    15975       358957821       358973796         4352827       6880       8000      16000        433
   0    22535     8656    15977       358973819       358989796         4368826       6881       8000      16000        434
   0    22535     8770    15978       358989821       359005799         4384828       6765       8000      16000        436
   0    22535     8837    15973       359005822       359021796         4400829       6696       8000      16000        433
   0    22535     8654    15975       359021820       359037795         4416826       6882       8000      16000        432
   0    22535     8693    15982       359037819       359053800         4432825       6845       8000      16000        437
   0    22535     8656    15978       359053823       359069801         4448830       6877       8000      16000        438
   0    27042    10402    15973       359069825       359085798         4464831       5128       9600      16000        435
   0    27042    10670    15979       359085821       359101801         4480827       4865       9600      16000        438
   0    27042    10403    15975       359101824       359117799         4496830       5129       9600      16000        437
   0    27042    10579    15977       359117822       359133799         4512828       4954       9600      16000        436
   0    27042    10417    15976       359133822       359149798         4528828       5117       9600      16000        435
   0    27042    10441    15975       359149822       359165797         4544828       5093       9600      16000        434
   0    27042    10614    15975       359165821       359181796         4560827       4921       9600      16000        433
   0    27042    10671    15979       359181819       359197799         4576826       4866       9600      16000        436
   0    27042    10388    15976       359197823       359213798         4592829       5145       9600      16000        436
   0    27042    10443    15974       359213823       359229798         4608830       5089       9600      16000        435
   0    27042    10443    15977       359229821       359245798         4624828       5092       9600      16000        435
   0    27042    10518    15863       359245935       359261798         4640941       4903       9600      16000        435
   0    27042    10505    15976       359261823       359277798         4656829       5029       9600      16000        436
   0    27042    10606    15974       359277822       359293796         4672828       4928       9600      16000        434
   0    27042    10543    15977       359293819       359309796         4688825       4994       9600      16000        433
   0    27042    10536    15978       359309822       359325800         4704828       4998       9600      16000        437
   0    27042    10403    15975       359325824       359341798         4720830       5129       9600      16000        436
   0    27042    10503    15976       359341822       359357798         4736828       5031       9600      16000        436
   0    27042    10615    15975       359357822       359373798         4752828       4919       9600      16000        435
   0    27042    10531    15976       359373822       359389797         4768828       5004       9600      16000        435
   0    27042    10517    15975       359389821       359405796         4784828       5017       9600      16000        433
   0    27042    10620    15976       359405820       359421796         4800826       4915       9600      16000        434
   0    27042    10417    15984       359421821       359437804         4816827       5118       9600      16000        442
   0    27042    10590    15967       359437829       359453796         4832835       4937       9600      16000        434
   0    27042    10629    15977       359453820       359469797         4848826       4907       9600      16000        434
   0    27042    10469    15978       359469821       359485798         4864827       5066       9600      16000        435
   0    27042    10403    15975       359485823       359501798         4880829       5131       9600      16000        435
   0    27042    10387    15977       359501822       359517799         4896828       5147       9600      16000        436
   0    27042    10670    15975       359517823       359533798         4912829       4863       9600      16000        435
   0    27042    10509    15977       359533821       359549798         4928827       5026       9600      16000        435
   0    27042    10483    15975       359549822       359565798         4944829       5051       9600      16000        435
   0    27042    10428    15977       359565822       359581799         4960828       5106       9600      16000        436
   0    27042    10513    15976       359581822       359597799         4976829       5020       9600      16000        436
   0    27042    10471    15975       359597822       359613798         4992829       5062       9600      16000        435
   0    27042    10513    15976       359613821       359629798         5008828       5022       9600      16000        435
   0    27042    10512    15976       359629822       359645798         5024828       5022       9600      16000        435
   0    27042    10617    15979       359645821       359661800         5040828       4917       9600      16000        438
   0    27042    10619    15973       359661825       359677797         5056831       4913       9600      16000        434
   0    27042    10474    15977       359677822       359693799         5072828       5060       9600      16000        436
   0    27042    10606    15976       359693823       359709798         5088829       4927       9600      16000        436
   0    27042    10404    15975       359709823       359725797         5104829       5130       9600      16000        435
   0    27042    10446    15975       359725822       359741797         5120828       5088       9600      16000        434
   0    27042    10419    15740       359741820       359757560         5136827       5117       9600      16000        198
   0    27042    10453    16217       359757584       359773801         5152590       5319       9600      16000        439
   0    27042    10489    15549       359774060       359789609         5169066       4806       9600      16000        247
   0    27042    10449    15904       359789634       359805537         5184640       5274       9600      16000        177
   0    27042    10360    16241       359805550       359821792         5200557       5447       9600      16000        429
   0    27042    10570    15982       359821815       359837796         5216821       4971       9600      16000        434
   0    27042    10405    15978       359837820       359853798         5232827       5131       9600      16000        435
   0    27042    10471    15974       359853823       359869797         5248829       5062       9600      16000        434
   0    27042    10528    15975       359869820       359885795         5264827       5008       9600      16000        433
   0    27042    10567    15977       359885820       359901796         5280826       4970       9600      16000        434
   0    27042    10404    15978       359901820       359917798         5296826       5132       9600      16000        435
   0    27042    10390    15974       359917821       359933796         5312828       5145       9600      16000        433
   0    27042    10418    15978       359933820       359949798         5328826       5118       9600      16000        435
   0    27042    10545    15976       359949822       359965798         5344828       4989       9600      16000        436
   0    27042    10401    15978       359965823       359981801         5360829       5132       9600      16000        438
   0    27042    10401    15973       359981825       359997797         5376831       5131       9600      16000        435
   0    27042    10555    15979       359997821       360013799         5392827       4980       9600      16000        436
   0    27042    10419    15977       360013823       360029800         5408829       5114       9600      16000        437
   0    27042    10470    15968       360029825       360045793         5424831       5062       9600      16000        430
   0    27042    10475    15980       360045817       360061797         5440823       5065       9600      16000        434
   0    27042    10616    15974       360061821       360077794         5456827       4920       9600      16000        431
   0    27042    10541    15981       360077818       360093799         5472824       4998       9600      16000        436
   0    27042    10403    15975       360093824       360109799         5488830       5129       9600      16000        436
   0    27042    10403    15975       360109823       360125798         5504829       5130       9600      16000        435
   0    27042    10388    15977       360125821       360141798         5520828       5146       9600      16000        435
   0    27042    10404    15977       360141823       360157799         5536829       5129       9600      16000        437
   0    27042    10707    15975       360157824       360173799         5552831       4825       9600      16000        436
   0    27042    10618    15974       360173823       360189797         5568830       4915       9600      16000        435
   0    27042    10390    15976       360189822       360205798         5584828       5144       9600      16000        435
   0    27042    10556    15976       360205822       360221797         5600828       4979       9600      16000        435
   0    27042    10406    15976       360221821       360237798         5616828       5129       9600      16000        435
   0    27042    10479    15974       360237822       360253796         5632829       5055       9600      16000        434
   0    27042    10419    15977       360253821       360269797         5648827       5116       9600      16000        435
   0    27042    10629    15974       360269822       360285796         5664828       4905       9600      16000        433
   0    27042    10547    15977       360285820       360301797         5680826       4989       9600      16000        434
   0    27042    10444    15830       360301966       360317797         5696973       4945       9600      16000        434
   0    27042    10603    15977       360317821       360333798         5712827       4932       9600      16000        435
   0    27042    10443    15976       360333822       360349797         5728828       5092       9600      16000        435
   0    27042    10682    15977       360349822       360365799         5744828       4853       9600      16000        436
   0    27042    10431    15968       360365823       360381791         5760830       5102       9600      16000        429
   0    27042    10436    15980       360381816       360397796         5776822       5105       9600      16000        433
   0    27042    10402    15978       360397820       360413798         5792826       5133       9600      16000        435
   0    27042    10514    15976       360413822       360429798         5808829       5020       9600      16000        436
   0    27042    10545    15982       360429823       360445804         5824829       4988       9600      16000        442
   0    27042    10557    15969       360445828       360461798         5840834       4971       9600      16000        435
   0    27042    10405    15977       360461822       360477799         5856828       5129       9600      16000        436
   0    27042    10505    15975       360477822       360493797         5872828       5030       9600      16000        435
   0    27042    10620    15976       360493822       360509798         5888828       4914       9600      16000        435
   0    27042    10617    15977       360509821       360525799         5904828       4918       9600      16000        436
   0    27042    10481    15977       360525824       360541801         5920830       5051       9600      16000        438
   0    27042    10525    15974       360541825       360557799         5936832       5005       9600      16000        437
   0    27042    10406    15974       360557823       360573798         5952830       5126       9600      16000        435
   0    27042    10494    15976       360573823       360589799         5968830       5039       9600      16000        436
   0    27042    10473    15976       360589823       360605799         5984829       5060       9600      16000        437
   0    27042    10648    15975       360605824       360621799         6000830       4885       9600      16000        437
   0    27042    10444    15975       360621824       360637799         6016830       5088       9600      16000        436
   0    27042    10645    15975       360637824       360653798         6032830       4887       9600      16000        436
   0    27042    10443    15973       360653823       360669797         6048830       5089       9600      16000        434
   0    27042    10521    15969       360669820       360685790         6064827       5015       9600      16000        427
   0    27042    10610    15985       360685813       360701798         6080819       4933       9600      16000        436
   0    27042    10405    15975       360701823       360717797         6096829       5128       9600      16000        435
   0    27042    10543    15975       360717822       360733797         6112828       4991       9600      16000        435
   0    27042    10645    15977       360733822       360749798         6128828       4889       9600      16000        435
   0    27042    10632    15978       360749822       360765800         6144828       4902       9600      16000        437
   0    27042    10508    15975       360765824       360781800         6160830       5024       9600      16000        437
   0    27042    10432    15976       360781824       360797800         6176831       5099       9600      16000        437
   0    27042    10616    15971       360797824       360813796         6192830       4916       9600      16000        433
   0    27042    10441    15979       360813819       360829798         6208825       5096       9600      16000        435
   0    27042    10401    15974       360829821       360845795         6224827       5134       9600      16000        433
   0    27042    10402    15865       360845930       360861795         6240936       5024       9600      16000        432
   0    27042    10416    15980       360861819       360877800         6256826       5120       9600      16000        436
   0    27042    10387    15975       360877823       360893798         6272829       5146       9600      16000        435
   0    27042    10615    15977       360893822       360909799         6288829       4919       9600      16000        436
   0    27042    10443    15975       360909823       360925798         6304829       5090       9600      16000        435
   0    27042    10417    15976       360925822       360941798         6320828       5118       9600      16000        435
   0    27042    10441    15975       360941822       360957797         6336828       5093       9600      16000        434
   0    27042    10401    15977       360957821       360973798         6352827       5133       9600      16000        435
   0    27042    10615    15978       360973822       360989800         6368828       4919       9600      16000        437
   0    27042    10525    15972       360989824       361005796         6384830       5008       9600      16000        433
   0    27042    10645    15979       361005820       361021799         6400827       4891       9600      16000        436
   0    27042    10407    15975       361021823       361037798         6416829       5126       9600      16000        435
   0    27042    10449    15977       361037821       361053798         6432827       5086       9600      16000        435
   0    27042    10472    15978       361053821       361069799         6448828       5063       9600      16000        437
   0    27042    10512    15975       361069823       361085799         6464830       5021       9600      16000        436
   0    27042    10517    15974       361085823       361101797         6480829       5016       9600      16000        434
   0    27042    10503    15976       361101822       361117797         6496828       5032       9600      16000        435
   0    27042    10419    15978       361117821       361133799         6512828       5116       9600      16000        436
   0    27042    10388    15976       361133824       361149800         6528830       5145       9600      16000        437
   0    27042    10405    15974       361149824       361165797         6544830       5127       9600      16000        435
   0    27042    10518    15975       361165822       361181797         6560829       5015       9600      16000        435
   0    27042    10472    15976       361181821       361197797         6576827       5063       9600      16000        435
   0    27042    10505    15976       361197822       361213798         6592828       5029       9600      16000        435
   0    27042    10559    15977       361213822       361229798         6608828       4976       9600      16000        436
   0    27042    10646    15974       361229822       361245796         6624828       4888       9600      16000        434
   0    27042    10389    15975       361245821       361261796         6640827       5146       9600      16000        434
   0    27042    10488    15978       361261821       361277799         6656827       5047       9600      16000        436
   0    27042    10468    15975       361277824       361293798         6672830       5065       9600      16000        436
   0    27042    10531    15976       361293822       361309798         6688828       5003       9600      16000        435
   0    27042    10628    15978       361309822       361325800         6704828       4906       9600      16000        437
   0    27042    10510    15974       361325823       361341797         6720830       5022       9600      16000        435
   0    27042    10471    15978       361341821       361357799         6736827       5064       9600      16000        436
   0    27042    10458    15975       361357822       361373797         6752828       5076       9600      16000        435
   0    27042    10544    15862       361373935       361389797         6768941       4876       9600      16000        434
   0    27042    10470    15977       361389821       361405798         6784828       5064       9600      16000        435
   0    27042    10455    15976       361405822       361421798         6800828       5079       9600      16000        435
   0    27042    10620    15977       361421821       361437798         6816827       4915       9600      16000        436
   0    27042    10517    15983       361437824       361453806         6832830       5015       9600      16000        443
   0    27042    10405    15967       361453831       361469798         6848837       5120       9600      16000        435
   0    27042    10442    15975       361469823       361485798         6864829       5091       9600      16000        435
   0    27042    10542    15978       361485822       361501799         6880828       4992       9600      16000        437
   0    27042    10506    15976       361501824       361517799         6896830       5027       9600      16000        437
   0    27042    10686    15976       361517823       361533799         6912830       4847       9600      16000        437
   0    27042    10445    15975       361533824       361549799         6928830       5087       9600      16000        436
   0    27042    10430    15976       361549823       361565798         6944829       5103       9600      16000        436
   0    27042    10492    15975       361565822       361581798         6960829       5041       9600      16000        435
   0    27042    10444    15975       361581823       361597798         6976829       5088       9600      16000        435
   0    27042    10431    15976       361597822       361613798         6992828       5103       9600      16000        435
   0    27042    10445    15974       361613822       361629796         7008829       5088       9600      16000        434
   0    27042    10391    15977       361629820       361645797         7024826       5145       9600      16000        435
   0    27042    10685    15975       361645822       361661797         7040828       4849       9600      16000        434
   0    27042    10436    15975       361661822       361677796         7056828       5098       9600      16000        434
   0    27042    10516    15979       361677820       361693799         7072827       5020       9600      16000        436
   0    27042    10529    15976       361693822       361709799         7088829       5005       9600      16000        436
   0    27042    10418    15976       361709822       361725798         7104828       5116       9600      16000        435
   0    27042    10505    15974       361725823       361741797         7120829       5028       9600      16000        434
   0    27042    10417    15740       361741821       361757561         7136827       5119       9600      16000        198
   0    27042    10349    16215       361757585       361773800         7152591       5422       9600      16000        437
   0    27042    10408    15977       361773823       361789800         7168829       5125       9600      16000        437
   0    27042    10456    15972       361789822       361805794         7184829       5078       9600      16000        432
   0    27042    10621    15982       361805818       361821800         7200824       4917       9600      16000        437
   0    27042    10387    15975       361821824       361837799         7216831       5144       9600      16000        437
   0    27042    10469    15976       361837823       361853799         7232830       5063       9600      16000        437
   0    27042    10614    15974       361853824       361869798         7248830       4918       9600      16000        435
   0    27042    10406    15980       361869821       361885800         7264827       5129       9600      16000        438
   0    27042    10387    15975       361885825       361901799         7280831       5144       9600      16000        437
   0    27042    10404    15860       361901938       361917798         7296944       5014       9600      16000        436
   0    27042    10518    15978       361917822       361933800         7312828       5016       9600      16000        437
   0    27042    10600    15978       361933824       361949802         7328830       4932       9600      16000        439
   0    27042    10620    15974       361949825       361965799         7344831       4911       9600      16000        437
   0    27042    10418    15978       361965823       361981800         7360829       5115       9600      16000        438
   0    27042    10402    15974       361981824       361997798         7376831       5129       9600      16000        436
   0    27042    10503    15977       361997822       362013800         7392829       5031       9600      16000        437
   0    27042    10514    15975       362013824       362029799         7408830       5018       9600      16000        436
   0    27042    10669    15969       362029823       362045792         7424829       4864       9600      16000        429
   0    27042    10423    15986       362045815       362061801         7440822       5118       9600      16000        438
